2025-11-09 16:39:06,662 - INFO - Q1–Q3: CSVs loaded
2025-11-09 16:39:24,548 - INFO - Q4: Dtypes shown
2025-11-09 16:39:32,064 - INFO - Q5: 211 unique countries
2025-11-09 16:39:35,785 - INFO - Q6: metadata_country has no indicators
2025-11-09 16:39:45,168 - INFO - Q1–Q3: CSVs loaded
2025-11-09 16:39:45,207 - INFO - Q4: Dtypes shown
2025-11-09 16:39:45,226 - INFO - Q5: 211 unique countries
2025-11-09 16:39:45,260 - INFO - Q6: metadata_country has no indicators
2025-11-09 16:39:45,282 - INFO - Q7: Missing values checked
2025-11-09 16:39:45,300 - INFO - Q8: 0 rows missing all values
2025-11-09 16:39:45,332 - INFO - Q9: 0 invalid country codes
2025-11-09 16:39:45,346 - INFO - Q10: WIDE format confirmed
2025-11-09 16:39:45,380 - INFO - Q11–Q12: Values cleaned
2025-11-09 16:39:45,423 - INFO - Q13: Removed duplicates
2025-11-09 16:39:45,448 - INFO - Q15–Q17: Standardized
2025-11-09 16:39:45,466 - INFO - Q18: Codes OK
2025-11-09 16:39:45,521 - INFO - Q19: Cleaned files saved
2025-11-09 16:39:45,582 - INFO - Q21–Q22: Merged
2025-11-09 16:39:45,613 - INFO - Q23: GDP per capita change
2025-11-09 16:39:45,637 - INFO - Q24: Avg GDP 2020
2025-11-09 16:39:45,664 - INFO - Q25–Q27: Filtered
2025-11-09 16:39:45,687 - INFO - Q28–Q29: Summary + round
2025-11-09 16:39:45,724 - INFO - Q30: Exported cleaned/world_bank_cleaned.csv
2025-11-09 16:39:46,131 - INFO - Q39: ETL logged
2025-11-09 16:39:46,131 - INFO - Q40: Done
